<?xml version="1.0" encoding="utf-8"?><testsuites><testsuite name="pytest" errors="0" failures="3" skipped="0" tests="3" time="0.044" timestamp="2024-03-11T18:50:40.350031" hostname="fv-az661-142"><testcase classname="test_file" name="test_case_0" time="0.002"><failure message="AssertionError: assert '4096' == 'olá josé'&#10;  &#10;  - olá josé&#10;  + 4096">def test_case_0():
        input_data = "josé"
        expected_result = "olá josé"
        cast_type = type(expected_result)
    
        result = subprocess.run(
            "./main",
            input=input_data.encode(),
            stdout=subprocess.PIPE,
        )
&gt;       assert cast_type(result.stdout.decode()) == expected_result
E       AssertionError: assert '4096' == 'olá josé'
E         
E         - olá josé
E         + 4096

test_file.py:14: AssertionError</failure></testcase><testcase classname="test_file" name="test_case_1" time="0.001"><failure message="AssertionError: assert '4096' == 'olá'&#10;  &#10;  - olá&#10;  + 4096">def test_case_1():
        input_data = ""
        expected_result = "olá"
        cast_type = type(expected_result)
    
        result = subprocess.run(
            "./main",
            input=input_data.encode(),
            stdout=subprocess.PIPE,
        )
&gt;       assert cast_type(result.stdout.decode()) == expected_result
E       AssertionError: assert '4096' == 'olá'
E         
E         - olá
E         + 4096

test_file.py:26: AssertionError</failure></testcase><testcase classname="test_file" name="test_case_2" time="0.001"><failure message="AssertionError: assert '4096' == 'olá Maria josé'&#10;  &#10;  - olá Maria josé&#10;  + 4096">def test_case_2():
        input_data = "Maria josé"
        expected_result = "olá Maria josé"
        cast_type = type(expected_result)
    
        result = subprocess.run(
            "./main",
            input=input_data.encode(),
            stdout=subprocess.PIPE,
        )
&gt;       assert cast_type(result.stdout.decode()) == expected_result
E       AssertionError: assert '4096' == 'olá Maria josé'
E         
E         - olá Maria josé
E         + 4096

test_file.py:38: AssertionError</failure></testcase></testsuite></testsuites>